{"numTotalTestSuites":52,"numPassedTestSuites":52,"numFailedTestSuites":0,"numPendingTestSuites":0,"numTotalTests":140,"numPassedTests":140,"numFailedTests":0,"numPendingTests":0,"numTodoTests":0,"snapshot":{"added":0,"failure":false,"filesAdded":0,"filesRemoved":0,"filesRemovedList":[],"filesUnmatched":0,"filesUpdated":0,"matched":0,"total":0,"unchecked":0,"uncheckedKeysByFile":[],"unmatched":0,"updated":0,"didUpdate":false},"startTime":1784032268952,"success":true,"testResults":[{"assertionResults":[{"ancestorTitles":["deviceRegistration"],"fullName":"deviceRegistration auto-activates device in test mode and authorizes push","status":"passed","title":"auto-activates device in test mode and authorizes push","duration":568.8468,"failureMessages":[],"meta":{}},{"ancestorTitles":["deviceRegistration"],"fullName":"deviceRegistration rejects unknown device","status":"passed","title":"rejects unknown device","duration":11.248399999999947,"failureMessages":[],"meta":{}},{"ancestorTitles":["deviceRegistration"],"fullName":"deviceRegistration isolates devices by company","status":"passed","title":"isolates devices by company","duration":34.29989999999998,"failureMessages":[],"meta":{}}],"startTime":1784032270057,"endTime":1784032270671.2998,"status":"passed","message":"","name":"C:/Users/Acer/Documents/My-Current-ERP/src/__tests__/orbix/deviceRegistration.test.ts"},{"assertionResults":[{"ancestorTitles":["MAI-01 orbix presentation policy cues"],"fullName":"MAI-01 orbix presentation policy cues mode_restriction never allows confirm","status":"passed","title":"mode_restriction never allows confirm","duration":2.747000000000071,"failureMessages":[],"meta":{}},{"ancestorTitles":["MAI-01 orbix presentation policy cues"],"fullName":"MAI-01 orbix presentation policy cues permission_denied never allows confirm","status":"passed","title":"permission_denied never allows confirm","duration":0.4434000000001106,"failureMessages":[],"meta":{}},{"ancestorTitles":["MAI-01 orbix presentation policy cues"],"fullName":"MAI-01 orbix presentation policy cues confirmation_required allowsConfirm for UI but posting still gated by executeOrbixConfirm","status":"passed","title":"confirmation_required allowsConfirm for UI but posting still gated by executeOrbixConfirm","duration":0.49959999999987303,"failureMessages":[],"meta":{}},{"ancestorTitles":["MAI-01 orbix presentation policy cues"],"fullName":"MAI-01 orbix presentation policy cues mayShowConfirmControl denies Ask Mode","status":"passed","title":"mayShowConfirmControl denies Ask Mode","duration":0.4434999999998581,"failureMessages":[],"meta":{}}],"startTime":1784032272158,"endTime":1784032272162.4995,"status":"passed","message":"","name":"C:/Users/Acer/Documents/My-Current-ERP/src/__tests__/orbix/mai01PresentationPolicy.test.ts"},{"assertionResults":[{"ancestorTitles":["MAI-02 canonical contracts (TS)"],"fullName":"MAI-02 canonical contracts (TS) rejects float money","status":"passed","title":"rejects float money","duration":8.742899999999963,"failureMessages":[],"meta":{}},{"ancestorTitles":["MAI-02 canonical contracts (TS)"],"fullName":"MAI-02 canonical contracts (TS) rejects client trusted identity","status":"passed","title":"rejects client trusted identity","duration":1.2252000000000862,"failureMessages":[],"meta":{}},{"ancestorTitles":["MAI-02 canonical contracts (TS)"],"fullName":"MAI-02 canonical contracts (TS) rejects unsupported schema major","status":"passed","title":"rejects unsupported schema major","duration":0.6145999999998821,"failureMessages":[],"meta":{}},{"ancestorTitles":["MAI-02 canonical contracts (TS)"],"fullName":"MAI-02 canonical contracts (TS) rejects response/payload mismatch","status":"passed","title":"rejects response/payload mismatch","duration":0.7657000000001517,"failureMessages":[],"meta":{}},{"ancestorTitles":["MAI-02 canonical contracts (TS)"],"fullName":"MAI-02 canonical contracts (TS) maps unknown orbix response_type to unsupported_response","status":"passed","title":"maps unknown orbix response_type to unsupported_response","duration":2.223899999999958,"failureMessages":[],"meta":{}},{"ancestorTitles":["MAI-02 canonical contracts (TS)"],"fullName":"MAI-02 canonical contracts (TS) rejects unsupported wire schema major as unsupported_response","status":"passed","title":"rejects unsupported wire schema major as unsupported_response","duration":0.4394999999999527,"failureMessages":[],"meta":{}},{"ancestorTitles":["MAI-02 canonical contracts (TS)"],"fullName":"MAI-02 canonical contracts (TS) validates shared Python fixtures where schemas overlap","status":"passed","title":"validates shared Python fixtures where schemas overlap","duration":7.756199999999808,"failureMessages":[],"meta":{}}],"startTime":1784032270442,"endTime":1784032270464.756,"status":"passed","message":"","name":"C:/Users/Acer/Documents/My-Current-ERP/src/__tests__/orbix/mai02CanonicalContracts.test.ts"},{"assertionResults":[{"ancestorTitles":["Phase 6 no double-sync"],"fullName":"Phase 6 no double-sync blocks legacy accounting entity types","status":"passed","title":"blocks legacy accounting entity types","duration":200.3832999999995,"failureMessages":[],"meta":{}},{"ancestorTitles":["Phase 6 no double-sync"],"fullName":"Phase 6 no double-sync one purchase → one canonical event, no syncOutbox invoice","status":"passed","title":"one purchase → one canonical event, no syncOutbox invoice","duration":191.45689999999922,"failureMessages":[],"meta":{}},{"ancestorTitles":["Phase 6 no double-sync"],"fullName":"Phase 6 no double-sync one sale → one canonical sales_posted event, no syncOutbox invoice","status":"passed","title":"one sale → one canonical sales_posted event, no syncOutbox invoice","duration":166.3832999999995,"failureMessages":[],"meta":{}}],"startTime":1784032279519,"endTime":1784032280077.3833,"status":"passed","message":"","name":"C:/Users/Acer/Documents/My-Current-ERP/src/__tests__/orbix/noDoubleSync.test.ts"},{"assertionResults":[{"ancestorTitles":["executeOrbixConfirm gates"],"fullName":"executeOrbixConfirm gates rejects Ask mode without posting","status":"passed","title":"rejects Ask mode without posting","duration":4.962499999999636,"failureMessages":[],"meta":{}},{"ancestorTitles":["executeOrbixConfirm gates"],"fullName":"executeOrbixConfirm gates rejects unauthorized role","status":"passed","title":"rejects unauthorized role","duration":0.49800000000141154,"failureMessages":[],"meta":{}},{"ancestorTitles":["executeOrbixConfirm gates"],"fullName":"executeOrbixConfirm gates rejects stale preview hash mismatch","status":"passed","title":"rejects stale preview hash mismatch","duration":0.2926000000006752,"failureMessages":[],"meta":{}},{"ancestorTitles":["executeOrbixConfirm gates"],"fullName":"executeOrbixConfirm gates supports injected failure after validation","status":"passed","title":"supports injected failure after validation","duration":1.4467999999997119,"failureMessages":[],"meta":{}},{"ancestorTitles":["executeOrbixConfirm gates"],"fullName":"executeOrbixConfirm gates builds stable idempotency keys","status":"passed","title":"builds stable idempotency keys","duration":0.3168000000005122,"failureMessages":[],"meta":{}},{"ancestorTitles":["executeOrbixConfirm gates"],"fullName":"executeOrbixConfirm gates requires inventory classification for purchase without seeded item","status":"passed","title":"requires inventory classification for purchase without seeded item","duration":0.9038000000000466,"failureMessages":[],"meta":{}}],"startTime":1784032279729,"endTime":1784032279737.9038,"status":"passed","message":"","name":"C:/Users/Acer/Documents/My-Current-ERP/src/__tests__/orbix/orbixPostingService.test.ts"},{"assertionResults":[{"ancestorTitles":["parseOrbixResponse"],"fullName":"parseOrbixResponse parses normal_answer","status":"passed","title":"parses normal_answer","duration":7.124199999999973,"failureMessages":[],"meta":{}},{"ancestorTitles":["parseOrbixResponse"],"fullName":"parseOrbixResponse parses mode_restriction from error.type","status":"passed","title":"parses mode_restriction from error.type","duration":1.1893999999999778,"failureMessages":[],"meta":{}},{"ancestorTitles":["parseOrbixResponse"],"fullName":"parseOrbixResponse parses clarification_required with draft_id","status":"passed","title":"parses clarification_required with draft_id","duration":1.876800000000003,"failureMessages":[],"meta":{}},{"ancestorTitles":["parseOrbixResponse"],"fullName":"parseOrbixResponse parses confirmation_required with journal lines","status":"passed","title":"parses confirmation_required with journal lines","duration":2.5828999999998814,"failureMessages":[],"meta":{}},{"ancestorTitles":["parseOrbixResponse"],"fullName":"parseOrbixResponse parses report_result from report_spec","status":"passed","title":"parses report_result from report_spec","duration":0.513300000000072,"failureMessages":[],"meta":{}},{"ancestorTitles":["parseOrbixResponse"],"fullName":"parseOrbixResponse parses provider_offline","status":"passed","title":"parses provider_offline","duration":0.38210000000003674,"failureMessages":[],"meta":{}},{"ancestorTitles":["parseOrbixResponse"],"fullName":"parseOrbixResponse handles malformed payload without enabling confirm","status":"passed","title":"handles malformed payload without enabling confirm","duration":1.0217999999999847,"failureMessages":[],"meta":{}},{"ancestorTitles":["parseOrbixResponse"],"fullName":"parseOrbixResponse supports Nepali unicode in display text","status":"passed","title":"supports Nepali unicode in display text","duration":0.30490000000008877,"failureMessages":[],"meta":{}},{"ancestorTitles":["parseOrbixResponse"],"fullName":"parseOrbixResponse unknown response_type falls through safely","status":"passed","title":"unknown response_type falls through safely","duration":0.33559999999988577,"failureMessages":[],"meta":{}}],"startTime":1784032270447,"endTime":1784032270462.3357,"status":"passed","message":"","name":"C:/Users/Acer/Documents/My-Current-ERP/src/__tests__/orbix/orbixResponseAdapter.test.ts"},{"assertionResults":[{"ancestorTitles":["Phase 10 treasury domain"],"fullName":"Phase 10 treasury domain CSV import + duplicate rejection","status":"passed","title":"CSV import + duplicate rejection","duration":382.701,"failureMessages":[],"meta":{}},{"ancestorTitles":["Phase 10 treasury domain"],"fullName":"Phase 10 treasury domain exact amount/date match suggestion","status":"passed","title":"exact amount/date match suggestion","duration":265.75520000000006,"failureMessages":[],"meta":{}},{"ancestorTitles":["Phase 10 treasury domain"],"fullName":"Phase 10 treasury domain confirm match + overmatch rejection","status":"passed","title":"confirm match + overmatch rejection","duration":284.00149999999985,"failureMessages":[],"meta":{}},{"ancestorTitles":["Phase 10 treasury domain"],"fullName":"Phase 10 treasury domain unmatch","status":"passed","title":"unmatch","duration":246.1925000000001,"failureMessages":[],"meta":{}},{"ancestorTitles":["Phase 10 treasury domain"],"fullName":"Phase 10 treasury domain bank charge adjustment via Phase 9","status":"passed","title":"bank charge adjustment via Phase 9","duration":996.6396999999997,"failureMessages":[],"meta":{}},{"ancestorTitles":["Phase 10 treasury domain"],"fullName":"Phase 10 treasury domain cheque clear transition","status":"passed","title":"cheque clear transition","duration":273.91689999999926,"failureMessages":[],"meta":{}},{"ancestorTitles":["Phase 10 treasury domain"],"fullName":"Phase 10 treasury domain invalid cheque transition rejection","status":"passed","title":"invalid cheque transition rejection","duration":332.8069000000005,"failureMessages":[],"meta":{}},{"ancestorTitles":["Phase 10 treasury domain"],"fullName":"Phase 10 treasury domain close with difference rejection","status":"passed","title":"close with difference rejection","duration":279.3726999999999,"failureMessages":[],"meta":{}},{"ancestorTitles":["Phase 10 treasury domain"],"fullName":"Phase 10 treasury domain close when balanced","status":"passed","title":"close when balanced","duration":251.8191999999999,"failureMessages":[],"meta":{}},{"ancestorTitles":["Phase 10 treasury domain"],"fullName":"Phase 10 treasury domain treasury position distinguishes book vs available","status":"passed","title":"treasury position distinguishes book vs available","duration":254.02620000000024,"failureMessages":[],"meta":{}},{"ancestorTitles":["Phase 10 treasury domain"],"fullName":"Phase 10 treasury domain idempotent match replay","status":"passed","title":"idempotent match replay","duration":174.10589999999956,"failureMessages":[],"meta":{}},{"ancestorTitles":["Phase 10 treasury domain"],"fullName":"Phase 10 treasury domain stale line version conflict","status":"passed","title":"stale line version conflict","duration":183.50620000000072,"failureMessages":[],"meta":{}},{"ancestorTitles":["Phase 10 treasury domain"],"fullName":"Phase 10 treasury domain legacy reconciled flag cannot contradict Phase 10 unmatched line","status":"passed","title":"legacy reconciled flag cannot contradict Phase 10 unmatched line","duration":239.77170000000024,"failureMessages":[],"meta":{}},{"ancestorTitles":["Phase 10 treasury domain"],"fullName":"Phase 10 treasury domain partial overmatch conflict","status":"passed","title":"partial overmatch conflict","duration":245.7403000000004,"failureMessages":[],"meta":{}}],"startTime":1784032272478,"endTime":1784032276889.7402,"status":"passed","message":"","name":"C:/Users/Acer/Documents/My-Current-ERP/src/__tests__/orbix/phase10Treasury.test.ts"},{"assertionResults":[{"ancestorTitles":["Phase 5 payload hashing"],"fullName":"Phase 5 payload hashing stableStringify sorts object keys","status":"passed","title":"stableStringify sorts object keys","duration":2.033999999999878,"failureMessages":[],"meta":{}},{"ancestorTitles":["Phase 5 payload hashing"],"fullName":"Phase 5 payload hashing payload hash is stable for same content","status":"passed","title":"payload hash is stable for same content","duration":1.6572000000001026,"failureMessages":[],"meta":{}},{"ancestorTitles":["Phase 5 payload hashing"],"fullName":"Phase 5 payload hashing payload hash changes when content changes","status":"passed","title":"payload hash changes when content changes","duration":1.1260999999999513,"failureMessages":[],"meta":{}},{"ancestorTitles":["Phase 5 payload hashing"],"fullName":"Phase 5 payload hashing event chain hash depends on previous hash","status":"passed","title":"event chain hash depends on previous hash","duration":0.5096999999998388,"failureMessages":[],"meta":{}},{"ancestorTitles":["Phase 5 accounting event contract"],"fullName":"Phase 5 accounting event contract builds purchase_posted event with integrity","status":"passed","title":"builds purchase_posted event with integrity","duration":3.756199999999808,"failureMessages":[],"meta":{}},{"ancestorTitles":["Phase 5 accounting event contract"],"fullName":"Phase 5 accounting event contract rejects tampered payload hash","status":"passed","title":"rejects tampered payload hash","duration":0.8194999999998345,"failureMessages":[],"meta":{}},{"ancestorTitles":["Phase 5 retry / failure classification"],"fullName":"Phase 5 retry / failure classification classifies network as retryable","status":"passed","title":"classifies network as retryable","duration":0.47329999999988104,"failureMessages":[],"meta":{}},{"ancestorTitles":["Phase 5 retry / failure classification"],"fullName":"Phase 5 retry / failure classification classifies auth and schema as permanent","status":"passed","title":"classifies auth and schema as permanent","duration":0.30179999999995744,"failureMessages":[],"meta":{}},{"ancestorTitles":["Phase 5 retry / failure classification"],"fullName":"Phase 5 retry / failure classification classifies integrity as conflict","status":"passed","title":"classifies integrity as conflict","duration":0.25529999999980646,"failureMessages":[],"meta":{}},{"ancestorTitles":["Phase 5 retry / failure classification"],"fullName":"Phase 5 retry / failure classification computes increasing backoff timestamps","status":"passed","title":"computes increasing backoff timestamps","duration":0.7319999999999709,"failureMessages":[],"meta":{}},{"ancestorTitles":["Phase 5 company sync policy"],"fullName":"Phase 5 company sync policy normalizes and gates outbox requirement","status":"passed","title":"normalizes and gates outbox requirement","duration":0.5079000000000633,"failureMessages":[],"meta":{}}],"startTime":1784032270859,"endTime":1784032270871.5078,"status":"passed","message":"","name":"C:/Users/Acer/Documents/My-Current-ERP/src/__tests__/orbix/phase5-sync-contract.test.ts"},{"assertionResults":[{"ancestorTitles":["Phase 9 settlement domain"],"fullName":"Phase 9 settlement domain partial customer receipt + allocation rebuilds paid projection","status":"passed","title":"partial customer receipt + allocation rebuilds paid projection","duration":1656.2067000000002,"failureMessages":[],"meta":{}},{"ancestorTitles":["Phase 9 settlement domain"],"fullName":"Phase 9 settlement domain rejects over-allocation","status":"passed","title":"rejects over-allocation","duration":247.46910000000025,"failureMessages":[],"meta":{}},{"ancestorTitles":["Phase 9 settlement domain"],"fullName":"Phase 9 settlement domain customer advance creates unapplied balance","status":"passed","title":"customer advance creates unapplied balance","duration":240.21609999999964,"failureMessages":[],"meta":{}},{"ancestorTitles":["Phase 9 settlement domain"],"fullName":"Phase 9 settlement domain supplier payment partial","status":"passed","title":"supplier payment partial","duration":312.5577000000003,"failureMessages":[],"meta":{}},{"ancestorTitles":["Phase 9 settlement domain"],"fullName":"Phase 9 settlement domain cash_to_bank contra","status":"passed","title":"cash_to_bank contra","duration":244.8868999999995,"failureMessages":[],"meta":{}},{"ancestorTitles":["Phase 9 settlement domain"],"fullName":"Phase 9 settlement domain balanced journal posts","status":"passed","title":"balanced journal posts","duration":185.38910000000033,"failureMessages":[],"meta":{}},{"ancestorTitles":["Phase 9 settlement domain"],"fullName":"Phase 9 settlement domain unbalanced journal rejection","status":"passed","title":"unbalanced journal rejection","duration":267.6871999999994,"failureMessages":[],"meta":{}},{"ancestorTitles":["Phase 9 settlement domain"],"fullName":"Phase 9 settlement domain idempotent replay returns same voucher","status":"passed","title":"idempotent replay returns same voucher","duration":207.09280000000035,"failureMessages":[],"meta":{}},{"ancestorTitles":["Phase 9 settlement domain"],"fullName":"Phase 9 settlement domain rollback on injectFailure before_sync leaves no voucher","status":"passed","title":"rollback on injectFailure before_sync leaves no voucher","duration":187.8827999999994,"failureMessages":[],"meta":{}},{"ancestorTitles":["Phase 9 settlement domain"],"fullName":"Phase 9 settlement domain stale settlement version conflict","status":"passed","title":"stale settlement version conflict","duration":239.79329999999936,"failureMessages":[],"meta":{}}],"startTime":1784032272149,"endTime":1784032275938.7932,"status":"passed","message":"","name":"C:/Users/Acer/Documents/My-Current-ERP/src/__tests__/orbix/phase9Settlement.test.ts"},{"assertionResults":[{"ancestorTitles":["postPurchaseAdjustmentTransaction"],"fullName":"postPurchaseAdjustmentTransaction full inventory return posts and leaves original immutable","status":"passed","title":"full inventory return posts and leaves original immutable","duration":2362.0269,"failureMessages":[],"meta":{}},{"ancestorTitles":["postPurchaseAdjustmentTransaction"],"fullName":"postPurchaseAdjustmentTransaction rejects over-return quantity","status":"passed","title":"rejects over-return quantity","duration":368.59120000000075,"failureMessages":[],"meta":{}},{"ancestorTitles":["postPurchaseAdjustmentTransaction"],"fullName":"postPurchaseAdjustmentTransaction financial supplier debit note posts without stock movement","status":"passed","title":"financial supplier debit note posts without stock movement","duration":368.23569999999927,"failureMessages":[],"meta":{}},{"ancestorTitles":["postPurchaseAdjustmentTransaction"],"fullName":"postPurchaseAdjustmentTransaction idempotent replay returns same adjustment invoice","status":"passed","title":"idempotent replay returns same adjustment invoice","duration":304.3768,"failureMessages":[],"meta":{}},{"ancestorTitles":["postPurchaseAdjustmentTransaction"],"fullName":"postPurchaseAdjustmentTransaction preserves historical tax_rule_version from original purchase","status":"passed","title":"preserves historical tax_rule_version from original purchase","duration":293.59929999999986,"failureMessages":[],"meta":{}},{"ancestorTitles":["postPurchaseAdjustmentTransaction"],"fullName":"postPurchaseAdjustmentTransaction rejects stale expectedAdjustmentVersion (concurrent conflict)","status":"passed","title":"rejects stale expectedAdjustmentVersion (concurrent conflict)","duration":299.4850999999999,"failureMessages":[],"meta":{}},{"ancestorTitles":["postPurchaseAdjustmentTransaction"],"fullName":"postPurchaseAdjustmentTransaction clean purchase return and debit note pass local reconciliation","status":"passed","title":"clean purchase return and debit note pass local reconciliation","duration":821.2073999999993,"failureMessages":[],"meta":{}},{"ancestorTitles":["postPurchaseAdjustmentTransaction"],"fullName":"postPurchaseAdjustmentTransaction reconciliation detects a purchase invoice with a missing journal","status":"passed","title":"reconciliation detects a purchase invoice with a missing journal","duration":246.53759999999966,"failureMessages":[],"meta":{}}],"startTime":1784032271507,"endTime":1784032276573.5376,"status":"passed","message":"","name":"C:/Users/Acer/Documents/My-Current-ERP/src/__tests__/orbix/postPurchaseAdjustmentTransaction.test.ts"},{"assertionResults":[{"ancestorTitles":["postPurchaseTransaction"],"fullName":"postPurchaseTransaction posts invoice, journal, stock, audit, sync, and receipt atomically","status":"passed","title":"posts invoice, journal, stock, audit, sync, and receipt atomically","duration":2300.5130000000004,"failureMessages":[],"meta":{}},{"ancestorTitles":["postPurchaseTransaction"],"fullName":"postPurchaseTransaction replays identical confirmation without duplicating records","status":"passed","title":"replays identical confirmation without duplicating records","duration":266.1984000000002,"failureMessages":[],"meta":{}},{"ancestorTitles":["postPurchaseTransaction"],"fullName":"postPurchaseTransaction rejects restricted role without writing","status":"passed","title":"rejects restricted role without writing","duration":254.22409999999945,"failureMessages":[],"meta":{}},{"ancestorTitles":["postPurchaseTransaction"],"fullName":"postPurchaseTransaction rejects Ask mode for orbix source","status":"passed","title":"rejects Ask mode for orbix source","duration":265.8217000000004,"failureMessages":[],"meta":{}},{"ancestorTitles":["postPurchaseTransaction"],"fullName":"postPurchaseTransaction rolls back on injected failure before stock","status":"passed","title":"rolls back on injected failure before stock","duration":229.65430000000015,"failureMessages":[],"meta":{}},{"ancestorTitles":["postPurchaseTransaction"],"fullName":"postPurchaseTransaction rejects zero quantity","status":"passed","title":"rejects zero quantity","duration":158.45889999999963,"failureMessages":[],"meta":{}},{"ancestorTitles":["postPurchaseTransaction"],"fullName":"postPurchaseTransaction resetOrbixE2ECompany reseeds bike item","status":"passed","title":"resetOrbixE2ECompany reseeds bike item","duration":238.92529999999988,"failureMessages":[],"meta":{}}],"startTime":1784032271508,"endTime":1784032275221.9253,"status":"passed","message":"","name":"C:/Users/Acer/Documents/My-Current-ERP/src/__tests__/orbix/postPurchaseTransaction.test.ts"},{"assertionResults":[{"ancestorTitles":["postSalesAdjustmentTransaction"],"fullName":"postSalesAdjustmentTransaction full inventory return posts and leaves original immutable","status":"passed","title":"full inventory return posts and leaves original immutable","duration":2240.7377999999994,"failureMessages":[],"meta":{}},{"ancestorTitles":["postSalesAdjustmentTransaction"],"fullName":"postSalesAdjustmentTransaction rejects over-return quantity","status":"passed","title":"rejects over-return quantity","duration":271.27980000000025,"failureMessages":[],"meta":{}},{"ancestorTitles":["postSalesAdjustmentTransaction"],"fullName":"postSalesAdjustmentTransaction financial credit note posts without stock movement","status":"passed","title":"financial credit note posts without stock movement","duration":276.58309999999983,"failureMessages":[],"meta":{}},{"ancestorTitles":["postSalesAdjustmentTransaction"],"fullName":"postSalesAdjustmentTransaction idempotent replay returns same adjustment invoice","status":"passed","title":"idempotent replay returns same adjustment invoice","duration":317.20589999999993,"failureMessages":[],"meta":{}},{"ancestorTitles":["postSalesAdjustmentTransaction"],"fullName":"postSalesAdjustmentTransaction preserves historical tax_rule_version from original sale","status":"passed","title":"preserves historical tax_rule_version from original sale","duration":227.9319999999998,"failureMessages":[],"meta":{}},{"ancestorTitles":["postSalesAdjustmentTransaction"],"fullName":"postSalesAdjustmentTransaction rejects stale expectedAdjustmentVersion (concurrent conflict)","status":"passed","title":"rejects stale expectedAdjustmentVersion (concurrent conflict)","duration":260.14699999999993,"failureMessages":[],"meta":{}},{"ancestorTitles":["postSalesAdjustmentTransaction"],"fullName":"postSalesAdjustmentTransaction clean inventory return and credit note pass sales reconciliation","status":"passed","title":"clean inventory return and credit note pass sales reconciliation","duration":1137.8957999999993,"failureMessages":[],"meta":{}},{"ancestorTitles":["postSalesAdjustmentTransaction"],"fullName":"postSalesAdjustmentTransaction reconciliation detects deliberate financial CN stock mismatch","status":"passed","title":"reconciliation detects deliberate financial CN stock mismatch","duration":265.79029999999966,"failureMessages":[],"meta":{}}],"startTime":1784032271599,"endTime":1784032276597.7903,"status":"passed","message":"","name":"C:/Users/Acer/Documents/My-Current-ERP/src/__tests__/orbix/postSalesAdjustmentTransaction.test.ts"},{"assertionResults":[{"ancestorTitles":["postSalesTransaction"],"fullName":"postSalesTransaction posts cash sale invoice, journal, stock-out, audit, event, receipt","status":"passed","title":"posts cash sale invoice, journal, stock-out, audit, event, receipt","duration":2240.2978000000003,"failureMessages":[],"meta":{}},{"ancestorTitles":["postSalesTransaction"],"fullName":"postSalesTransaction posts credit sale with customer","status":"passed","title":"posts credit sale with customer","duration":369.4372000000003,"failureMessages":[],"meta":{}},{"ancestorTitles":["postSalesTransaction"],"fullName":"postSalesTransaction posts bank sale","status":"passed","title":"posts bank sale","duration":305.72289999999975,"failureMessages":[],"meta":{}},{"ancestorTitles":["postSalesTransaction"],"fullName":"postSalesTransaction rejects insufficient stock","status":"passed","title":"rejects insufficient stock","duration":303.8685000000005,"failureMessages":[],"meta":{}},{"ancestorTitles":["postSalesTransaction"],"fullName":"postSalesTransaction rejects credit without customer","status":"passed","title":"rejects credit without customer","duration":178.97220000000016,"failureMessages":[],"meta":{}},{"ancestorTitles":["postSalesTransaction"],"fullName":"postSalesTransaction rejects Ask Mode","status":"passed","title":"rejects Ask Mode","duration":306.41679999999997,"failureMessages":[],"meta":{}},{"ancestorTitles":["postSalesTransaction"],"fullName":"postSalesTransaction rejects restricted role","status":"passed","title":"rejects restricted role","duration":269.34690000000046,"failureMessages":[],"meta":{}},{"ancestorTitles":["postSalesTransaction"],"fullName":"postSalesTransaction idempotent replay returns same invoice","status":"passed","title":"idempotent replay returns same invoice","duration":232.88590000000022,"failureMessages":[],"meta":{}},{"ancestorTitles":["postSalesTransaction"],"fullName":"postSalesTransaction rolls back on injected failure","status":"passed","title":"rolls back on injected failure","duration":252.61029999999937,"failureMessages":[],"meta":{}},{"ancestorTitles":["postSalesTransaction"],"fullName":"postSalesTransaction reset restores opening stock","status":"passed","title":"reset restores opening stock","duration":176.52310000000034,"failureMessages":[],"meta":{}},{"ancestorTitles":["postSalesTransaction"],"fullName":"postSalesTransaction perpetual cash sale creates COGS journal and cost allocation","status":"passed","title":"perpetual cash sale creates COGS journal and cost allocation","duration":200.5589,"failureMessages":[],"meta":{}}],"startTime":1784032271594,"endTime":1784032276431.5588,"status":"passed","message":"","name":"C:/Users/Acer/Documents/My-Current-ERP/src/__tests__/orbix/postSalesTransaction.test.ts"},{"assertionResults":[{"ancestorTitles":["purchase return remote apply — no recalculation"],"fullName":"purchase return remote apply — no recalculation Device B applies event cost even when local item cost differs","status":"passed","title":"Device B applies event cost even when local item cost differs","duration":2255.9436,"failureMessages":[],"meta":{}},{"ancestorTitles":["purchase return remote apply — no recalculation"],"fullName":"purchase return remote apply — no recalculation Device B debit note apply preserves originalInvoiceId and skips stock","status":"passed","title":"Device B debit note apply preserves originalInvoiceId and skips stock","duration":345.58110000000033,"failureMessages":[],"meta":{}}],"startTime":1784032271674,"endTime":1784032274276.581,"status":"passed","message":"","name":"C:/Users/Acer/Documents/My-Current-ERP/src/__tests__/orbix/purchaseReturnRemoteApplyNoRecalc.test.ts"},{"assertionResults":[{"ancestorTitles":["sales remote apply — no recalculation"],"fullName":"sales remote apply — no recalculation Device B applies event cost X even when local item cost is Y","status":"passed","title":"Device B applies event cost X even when local item cost is Y","duration":2209.6794,"failureMessages":[],"meta":{}}],"startTime":1784032271670,"endTime":1784032273879.6794,"status":"passed","message":"","name":"C:/Users/Acer/Documents/My-Current-ERP/src/__tests__/orbix/salesRemoteApplyNoRecalc.test.ts"},{"assertionResults":[{"ancestorTitles":["sales return remote apply — no recalculation"],"fullName":"sales return remote apply — no recalculation Device B applies event VAT/cost even when local item cost and tax settings differ","status":"passed","title":"Device B applies event VAT/cost even when local item cost and tax settings differ","duration":2205.0824999999995,"failureMessages":[],"meta":{}},{"ancestorTitles":["sales return remote apply — no recalculation"],"fullName":"sales return remote apply — no recalculation Device B credit note apply preserves originalInvoiceId and skips stock/COGS","status":"passed","title":"Device B credit note apply preserves originalInvoiceId and skips stock/COGS","duration":281.1042000000007,"failureMessages":[],"meta":{}}],"startTime":1784032271669,"endTime":1784032274155.1042,"status":"passed","message":"","name":"C:/Users/Acer/Documents/My-Current-ERP/src/__tests__/orbix/salesReturnRemoteApplyNoRecalc.test.ts"},{"assertionResults":[{"ancestorTitles":["salesVatEngine"],"fullName":"salesVatEngine computes exclusive VAT deterministically","status":"passed","title":"computes exclusive VAT deterministically","duration":3.988200000000006,"failureMessages":[],"meta":{}},{"ancestorTitles":["salesVatEngine"],"fullName":"salesVatEngine derives base from inclusive price","status":"passed","title":"derives base from inclusive price","duration":0.6048000000000684,"failureMessages":[],"meta":{}},{"ancestorTitles":["salesVatEngine"],"fullName":"salesVatEngine treats exempt lines without VAT","status":"passed","title":"treats exempt lines without VAT","duration":0.47699999999986176,"failureMessages":[],"meta":{}},{"ancestorTitles":["costAllocation MWA"],"fullName":"costAllocation MWA uses moving weighted average from stock movements","status":"passed","title":"uses moving weighted average from stock movements","duration":29.402399999999943,"failureMessages":[],"meta":{}}],"startTime":1784032270929,"endTime":1784032270964.4023,"status":"passed","message":"","name":"C:/Users/Acer/Documents/My-Current-ERP/src/__tests__/orbix/salesVatAndCost.test.ts"},{"assertionResults":[{"ancestorTitles":["UI-3 sync-state presentation contract"],"fullName":"UI-3 sync-state presentation contract pending is not labelled synced","status":"passed","title":"pending is not labelled synced","duration":4.49980000000005,"failureMessages":[],"meta":{}},{"ancestorTitles":["UI-3 sync-state presentation contract"],"fullName":"UI-3 sync-state presentation contract conflict is distinct from failure and retry","status":"passed","title":"conflict is distinct from failure and retry","duration":0.7129999999999654,"failureMessages":[],"meta":{}},{"ancestorTitles":["UI-3 sync-state presentation contract"],"fullName":"UI-3 sync-state presentation contract offline preserves pending wording separately","status":"passed","title":"offline preserves pending wording separately","duration":0.40660000000002583,"failureMessages":[],"meta":{}},{"ancestorTitles":["UI-3 sync-state presentation contract"],"fullName":"UI-3 sync-state presentation contract local-only is not synced","status":"passed","title":"local-only is not synced","duration":1.0692999999999984,"failureMessages":[],"meta":{}}],"startTime":1784032271574,"endTime":1784032271581.0693,"status":"passed","message":"","name":"C:/Users/Acer/Documents/My-Current-ERP/src/__tests__/orbix/ui3SyncPresentation.test.ts"},{"assertionResults":[{"ancestorTitles":["resolveWorkspaces"],"fullName":"resolveWorkspaces maps owner","status":"passed","title":"maps owner","duration":8.755200000000059,"failureMessages":[],"meta":{}},{"ancestorTitles":["resolveWorkspaces"],"fullName":"resolveWorkspaces maps accountant","status":"passed","title":"maps accountant","duration":0.52150000000006,"failureMessages":[],"meta":{}},{"ancestorTitles":["resolveWorkspaces"],"fullName":"resolveWorkspaces maps cashier","status":"passed","title":"maps cashier","duration":0.4148000000000138,"failureMessages":[],"meta":{}},{"ancestorTitles":["resolveWorkspaces"],"fullName":"resolveWorkspaces maps banking","status":"passed","title":"maps banking","duration":0.3838999999998123,"failureMessages":[],"meta":{}},{"ancestorTitles":["resolveWorkspaces"],"fullName":"resolveWorkspaces maps inventory","status":"passed","title":"maps inventory","duration":0.30959999999981846,"failureMessages":[],"meta":{}},{"ancestorTitles":["resolveWorkspaces"],"fullName":"resolveWorkspaces maps auditor","status":"passed","title":"maps auditor","duration":0.37009999999986576,"failureMessages":[],"meta":{}},{"ancestorTitles":["resolveWorkspaces"],"fullName":"resolveWorkspaces maps admin to administrator","status":"passed","title":"maps admin to administrator","duration":0.4292000000000371,"failureMessages":[],"meta":{}},{"ancestorTitles":["resolveWorkspaces"],"fullName":"resolveWorkspaces maps viewer / unknown to restricted","status":"passed","title":"maps viewer / unknown to restricted","duration":0.48680000000013024,"failureMessages":[],"meta":{}},{"ancestorTitles":["resolveWorkspaces"],"fullName":"resolveWorkspaces maps combined multi-hint roles","status":"passed","title":"maps combined multi-hint roles","duration":1.3587999999999738,"failureMessages":[],"meta":{}},{"ancestorTitles":["selectQuickActions"],"fullName":"selectQuickActions cashier gets sale and receipt when create is allowed","status":"passed","title":"cashier gets sale and receipt when create is allowed","duration":8.57470000000012,"failureMessages":[],"meta":{}},{"ancestorTitles":["selectQuickActions"],"fullName":"selectQuickActions auditor defaults yield no requireCreate actions; ask_orbix present","status":"passed","title":"auditor defaults yield no requireCreate actions; ask_orbix present","duration":0.6482999999998356,"failureMessages":[],"meta":{}},{"ancestorTitles":["selectQuickActions"],"fullName":"selectQuickActions ask_orbix present for owner defaults","status":"passed","title":"ask_orbix present for owner defaults","duration":0.337099999999964,"failureMessages":[],"meta":{}},{"ancestorTitles":["WORKSPACE_METRICS permissions (cashier)"],"fullName":"WORKSPACE_METRICS permissions (cashier) cashier metric list does not include net_result","status":"passed","title":"cashier metric list does not include net_result","duration":0.7918999999999414,"failureMessages":[],"meta":{}},{"ancestorTitles":["formatHomeAmount"],"fullName":"formatHomeAmount null / undefined / NaN → em dash","status":"passed","title":"null / undefined / NaN → em dash","duration":0.4149999999999636,"failureMessages":[],"meta":{}},{"ancestorTitles":["formatHomeAmount"],"fullName":"formatHomeAmount negative uses parentheses","status":"passed","title":"negative uses parentheses","duration":28.057900000000018,"failureMessages":[],"meta":{}},{"ancestorTitles":["QUICK_ACTION_REGISTRY navigation-only contract"],"fullName":"QUICK_ACTION_REGISTRY navigation-only contract every action has a page navigation target and no mutation flags","status":"passed","title":"every action has a page navigation target and no mutation flags","duration":7.760600000000068,"failureMessages":[],"meta":{}}],"startTime":1784032270882,"endTime":1784032270942.7605,"status":"passed","message":"","name":"C:/Users/Acer/Documents/My-Current-ERP/src/__tests__/orbix/ui5HomeWorkspace.test.ts"},{"assertionResults":[{"ancestorTitles":["syncStatusPresentation"],"fullName":"syncStatusPresentation never invents synced for unknown","status":"passed","title":"never invents synced for unknown","duration":4.0925000000002,"failureMessages":[],"meta":{}},{"ancestorTitles":["syncStatusPresentation"],"fullName":"syncStatusPresentation maps authoritative statuses","status":"passed","title":"maps authoritative statuses","duration":0.4674999999999727,"failureMessages":[],"meta":{}},{"ancestorTitles":["getPresentationMeta"],"fullName":"getPresentationMeta Ask Mode restriction cannot confirm or mutate","status":"passed","title":"Ask Mode restriction cannot confirm or mutate","duration":0.8160000000000309,"failureMessages":[],"meta":{}},{"ancestorTitles":["getPresentationMeta"],"fullName":"getPresentationMeta clarification cannot post","status":"passed","title":"clarification cannot post","duration":0.43079999999986285,"failureMessages":[],"meta":{}},{"ancestorTitles":["getPresentationMeta"],"fullName":"getPresentationMeta posting_completed trust follows sync_status","status":"passed","title":"posting_completed trust follows sync_status","duration":2.3592000000001008,"failureMessages":[],"meta":{}},{"ancestorTitles":["confirmButtonLabel"],"fullName":"confirmButtonLabel uses operation-specific labels","status":"passed","title":"uses operation-specific labels","duration":0.9465999999999894,"failureMessages":[],"meta":{}},{"ancestorTitles":["confirmButtonLabel"],"fullName":"confirmButtonLabel does not use generic yes","status":"passed","title":"does not use generic yes","duration":0.42409999999995307,"failureMessages":[],"meta":{}}],"startTime":1784032271708,"endTime":1784032271719.424,"status":"passed","message":"","name":"C:/Users/Acer/Documents/My-Current-ERP/src/__tests__/orbix/ui6OrbixPresentation.test.ts"},{"assertionResults":[{"ancestorTitles":["UI-7 transaction status"],"fullName":"UI-7 transaction status never invents synced from unknown","status":"passed","title":"never invents synced from unknown","duration":1.9375,"failureMessages":[],"meta":{}},{"ancestorTitles":["UI-7 transaction status"],"fullName":"UI-7 transaction status maps sync statuses distinctly","status":"passed","title":"maps sync statuses distinctly","duration":0.8646999999999707,"failureMessages":[],"meta":{}},{"ancestorTitles":["UI-7 transaction status"],"fullName":"UI-7 transaction status uses operation-specific post labels","status":"passed","title":"uses operation-specific post labels","duration":0.4981999999999971,"failureMessages":[],"meta":{}}],"startTime":1784032271773,"endTime":1784032271776.4983,"status":"passed","message":"","name":"C:/Users/Acer/Documents/My-Current-ERP/src/__tests__/orbix/ui7TransactionWorkspace.test.ts"}]}