{"numTotalTestSuites":2,"numPassedTestSuites":2,"numFailedTestSuites":0,"numPendingTestSuites":0,"numTotalTests":8,"numPassedTests":8,"numFailedTests":0,"numPendingTests":0,"numTodoTests":0,"snapshot":{"added":0,"failure":false,"filesAdded":0,"filesRemoved":0,"filesRemovedList":[],"filesUnmatched":0,"filesUpdated":0,"matched":0,"total":0,"unchecked":0,"uncheckedKeysByFile":[],"unmatched":0,"updated":0,"didUpdate":false},"startTime":1784032282078,"success":true,"testResults":[{"assertionResults":[{"ancestorTitles":["khataConfirmAuth"],"fullName":"khataConfirmAuth denies unauthenticated confirm","status":"passed","title":"denies unauthenticated confirm","duration":2.7035999999999376,"failureMessages":[],"meta":{}},{"ancestorTitles":["khataConfirmAuth"],"fullName":"khataConfirmAuth denies invalid token","status":"passed","title":"denies invalid token","duration":1.1754999999999427,"failureMessages":[],"meta":{}},{"ancestorTitles":["khataConfirmAuth"],"fullName":"khataConfirmAuth denies authenticated but unauthorized role","status":"passed","title":"denies authenticated but unauthorized role","duration":2.7995999999999412,"failureMessages":[],"meta":{}},{"ancestorTitles":["khataConfirmAuth"],"fullName":"khataConfirmAuth denies tenant spoofing via body","status":"passed","title":"denies tenant spoofing via body","duration":0.6282999999999674,"failureMessages":[],"meta":{}},{"ancestorTitles":["khataConfirmAuth"],"fullName":"khataConfirmAuth denies company spoofing via body","status":"passed","title":"denies company spoofing via body","duration":0.5170000000000528,"failureMessages":[],"meta":{}},{"ancestorTitles":["khataConfirmAuth"],"fullName":"khataConfirmAuth allows matching accountant and overwrites body identity from JWT","status":"passed","title":"allows matching accountant and overwrites body identity from JWT","duration":0.49510000000009313,"failureMessages":[],"meta":{}},{"ancestorTitles":["khataConfirmAuth"],"fullName":"khataConfirmAuth role matrix","status":"passed","title":"role matrix","duration":0.14409999999998035,"failureMessages":[],"meta":{}},{"ancestorTitles":["khataConfirmAuth"],"fullName":"khataConfirmAuth production rejects insecure secret","status":"passed","title":"production rejects insecure secret","duration":0.75,"failureMessages":[],"meta":{}}],"startTime":1784032283112,"endTime":1784032283121.75,"status":"passed","message":"","name":"C:/Users/Acer/Documents/My-Current-ERP/packages/backend/src/middleware/khataConfirmAuth.test.ts"}]}